<?xml version="1.0" encoding="UTF-8"?>
<testng-results ignored="0" total="1" passed="1" failed="0" skipped="0">
  <reporter-output>
  </reporter-output>
  <suite started-at="2024-12-25T18:47:17 IST" name="Default suite" finished-at="2024-12-25T18:47:28 IST" duration-ms="11055">
    <groups>
    </groups>
    <test started-at="2024-12-25T18:47:17 IST" name="Default test" finished-at="2024-12-25T18:47:28 IST" duration-ms="11055">
      <class name="Test.Feedback">
        <test-method is-config="true" signature="setUp()[pri:0, instance:Test.Feedback@245b4bdc]" started-at="2024-12-25T18:47:17 IST" name="setUp" finished-at="2024-12-25T18:47:17 IST" duration-ms="256" status="PASS">
          <reporter-output>
          </reporter-output>
        </test-method> <!-- setUp -->
        <test-method is-config="true" signature="parseJsonFile()[pri:0, instance:Test.Feedback@245b4bdc]" started-at="2024-12-25T18:47:17 IST" name="parseJsonFile" finished-at="2024-12-25T18:47:17 IST" duration-ms="8" status="PASS">
          <reporter-output>
          </reporter-output>
        </test-method> <!-- parseJsonFile -->
        <test-method is-config="true" signature="setup()[pri:0, instance:Test.Feedback@245b4bdc]" started-at="2024-12-25T18:47:17 IST" name="setup" finished-at="2024-12-25T18:47:17 IST" duration-ms="260" status="PASS">
          <reporter-output>
          </reporter-output>
        </test-method> <!-- setup -->
        <test-method is-config="true" signature="startTest(java.lang.reflect.Method)[pri:0, instance:Test.Feedback@245b4bdc]" started-at="2024-12-25T18:47:17 IST" name="startTest" finished-at="2024-12-25T18:47:17 IST" duration-ms="5" status="PASS">
          <params>
            <param index="0">
              <value>
                <![CDATA[public void Test.Feedback.Test_PUT()]]>
              </value>
            </param>
          </params>
          <reporter-output>
          </reporter-output>
        </test-method> <!-- startTest -->
        <test-method signature="Test_PUT()[pri:0, instance:Test.Feedback@245b4bdc]" started-at="2024-12-25T18:47:17 IST" name="Test_PUT" finished-at="2024-12-25T18:47:27 IST" duration-ms="10249" status="PASS">
          <reporter-output>
          </reporter-output>
        </test-method> <!-- Test_PUT -->
        <test-method is-config="true" signature="captureResult(org.testng.ITestResult)[pri:0, instance:Test.Feedback@245b4bdc]" started-at="2024-12-25T18:47:27 IST" name="captureResult" finished-at="2024-12-25T18:47:27 IST" duration-ms="2" status="PASS">
          <params>
            <param index="0">
              <value>
                <![CDATA[[TestResult name=Test_PUT status=SUCCESS method=Feedback.Test_PUT()[pri:0, instance:Test.Feedback@245b4bdc] output={null}]]]>
              </value>
            </param>
          </params>
          <reporter-output>
          </reporter-output>
        </test-method> <!-- captureResult -->
        <test-method is-config="true" signature="flushReports()[pri:0, instance:Test.Feedback@245b4bdc]" started-at="2024-12-25T18:47:27 IST" name="flushReports" finished-at="2024-12-25T18:47:28 IST" duration-ms="503" status="PASS">
          <reporter-output>
          </reporter-output>
        </test-method> <!-- flushReports -->
        <test-method is-config="true" signature="tearDown()[pri:0, instance:Test.Feedback@245b4bdc]" started-at="2024-12-25T18:47:28 IST" name="tearDown" finished-at="2024-12-25T18:47:28 IST" duration-ms="9" status="PASS">
          <reporter-output>
          </reporter-output>
        </test-method> <!-- tearDown -->
      </class> <!-- Test.Feedback -->
    </test> <!-- Default test -->
  </suite> <!-- Default suite -->
</testng-results>
