<?xml version="1.0" encoding="UTF-8"?>
<testng-results ignored="0" total="1" passed="1" failed="0" skipped="0">
  <reporter-output>
  </reporter-output>
  <suite started-at="2024-11-25T13:00:57 IST" name="Surefire suite" finished-at="2024-11-25T13:00:58 IST" duration-ms="1008">
    <groups>
    </groups>
    <test started-at="2024-11-25T13:00:57 IST" name="Surefire test" finished-at="2024-11-25T13:00:58 IST" duration-ms="1008">
      <class name="Test_GET">
        <test-method signature="Test()[pri:0, instance:Test_GET@6b67034]" started-at="2024-11-25T13:00:57 IST" name="Test" finished-at="2024-11-25T13:00:58 IST" duration-ms="979" status="PASS">
          <reporter-output>
          </reporter-output>
        </test-method> <!-- Test -->
      </class> <!-- Test_GET -->
    </test> <!-- Surefire test -->
  </suite> <!-- Surefire suite -->
</testng-results>
